<?xml version="1.0" encoding="UTF-8"?>
<robot generator="Robot 6.1.1 (Python 3.9.0 on win32)" generated="20230824 15:55:05.708" rpa="false" schemaversion="4">
<suite id="s1" name="Cases" source="C:\Users\Mariana\Desktop\OHM_ORANGE\cases">
<suite id="s1-s1" name="Login Orange Hrm" source="C:\Users\Mariana\Desktop\OHM_ORANGE\cases\login_orange_hrm.robot">
<test id="s1-s1-t1" name="CT001: Efetuar login com usuário e senha válidos" line="9">
<kw name="Abrir o navegador" library="keywords_orange_hrm" type="SETUP">
<kw name="Open Browser" library="SeleniumLibrary">
<arg>url=${URL}</arg>
<arg>browser=${BROWSER}</arg>
<doc>Opens a new browser instance to the optional ``url``.</doc>
<msg timestamp="20230824 15:55:06.249" level="INFO">Opening browser 'chrome' to base url 'https://opensource-demo.orangehrmlive.com/web/index.php/auth/login'.</msg>
<status status="PASS" starttime="20230824 15:55:06.246" endtime="20230824 15:55:10.896"/>
</kw>
<kw name="Maximize Browser Window" library="SeleniumLibrary">
<doc>Maximizes current browser window.</doc>
<status status="PASS" starttime="20230824 15:55:10.896" endtime="20230824 15:55:11.047"/>
</kw>
<status status="PASS" starttime="20230824 15:55:06.244" endtime="20230824 15:55:11.047"/>
</kw>
<kw name="Dado que o usuário está na página de Login do site OrangeHRM" library="keywords_orange_hrm">
<kw name="Wait Until Page Contains" library="SeleniumLibrary">
<arg>${LOGIN_TEXT}</arg>
<doc>Waits until ``text`` appears on the current page.</doc>
<status status="PASS" starttime="20230824 15:55:11.050" endtime="20230824 15:55:11.654"/>
</kw>
<status status="PASS" starttime="20230824 15:55:11.049" endtime="20230824 15:55:11.654"/>
</kw>
<kw name="Quando inserir as credenciais ${USERNAME} e ${CORRECT_PASSWORD} válidas" library="keywords_orange_hrm" sourcename="Quando inserir as credenciais ${USERNAME} e ${PASSWORD} válidas">
<kw name="Wait Until Element Is Visible" library="SeleniumLibrary">
<arg>${USERNAME_ORANGEHRM}</arg>
<doc>Waits until the element ``locator`` is visible.</doc>
<status status="PASS" starttime="20230824 15:55:11.666" endtime="20230824 15:55:11.774"/>
</kw>
<kw name="Input Text" library="SeleniumLibrary">
<arg>${USERNAME_ORANGEHRM}</arg>
<arg>${USERNAME}</arg>
<doc>Types the given ``text`` into the text field identified by ``locator``.</doc>
<msg timestamp="20230824 15:55:11.775" level="INFO">Typing text 'Admin' into text field 'xpath=//input[@name='username']'.</msg>
<status status="PASS" starttime="20230824 15:55:11.775" endtime="20230824 15:55:12.060"/>
</kw>
<kw name="Wait Until Element Is Visible" library="SeleniumLibrary">
<arg>${INPUT_PASSWORD_ORANGEHRM}</arg>
<doc>Waits until the element ``locator`` is visible.</doc>
<status status="PASS" starttime="20230824 15:55:12.060" endtime="20230824 15:55:12.103"/>
</kw>
<kw name="Input Text" library="SeleniumLibrary">
<arg>${INPUT_PASSWORD_ORANGEHRM}</arg>
<arg>${PASSWORD}</arg>
<doc>Types the given ``text`` into the text field identified by ``locator``.</doc>
<msg timestamp="20230824 15:55:12.105" level="INFO">Typing text 'admin123' into text field 'xpath=//input[@name='password']'.</msg>
<status status="PASS" starttime="20230824 15:55:12.104" endtime="20230824 15:55:12.303"/>
</kw>
<kw name="Wait Until Element Is Visible" library="SeleniumLibrary">
<arg>${SUBMIT_BUTTON}</arg>
<doc>Waits until the element ``locator`` is visible.</doc>
<status status="PASS" starttime="20230824 15:55:12.304" endtime="20230824 15:55:12.338"/>
</kw>
<kw name="Click Button" library="SeleniumLibrary">
<arg>${SUBMIT_BUTTON}</arg>
<doc>Clicks the button identified by ``locator``.</doc>
<msg timestamp="20230824 15:55:12.339" level="INFO">Clicking button 'xpath=//button[@type='submit'][contains(.,'Login')]'.</msg>
<status status="PASS" starttime="20230824 15:55:12.338" endtime="20230824 15:55:12.424"/>
</kw>
<status status="PASS" starttime="20230824 15:55:11.665" endtime="20230824 15:55:12.424"/>
</kw>
<kw name="Então será logado com sucesso na aplicação" library="keywords_orange_hrm">
<kw name="Wait Until Page Contains" library="SeleniumLibrary">
<arg>${DASHBOARD_HOME}</arg>
<doc>Waits until ``text`` appears on the current page.</doc>
<status status="PASS" starttime="20230824 15:55:12.426" endtime="20230824 15:55:13.739"/>
</kw>
<status status="PASS" starttime="20230824 15:55:12.426" endtime="20230824 15:55:13.740"/>
</kw>
<kw name="Fechar o navegador" library="keywords_orange_hrm" type="TEARDOWN">
<kw name="Capture Page Screenshot" library="SeleniumLibrary">
<doc>Takes a screenshot of the current page and embeds it into a log file.</doc>
<msg timestamp="20230824 15:55:14.419" level="INFO" html="true">&lt;/td&gt;&lt;/tr&gt;&lt;tr&gt;&lt;td colspan="3"&gt;&lt;a href="selenium-screenshot-3.png"&gt;&lt;img src="selenium-screenshot-3.png" width="800px"&gt;&lt;/a&gt;</msg>
<status status="PASS" starttime="20230824 15:55:13.750" endtime="20230824 15:55:14.420"/>
</kw>
<kw name="Close Browser" library="SeleniumLibrary">
<doc>Closes the current browser.</doc>
<status status="PASS" starttime="20230824 15:55:14.420" endtime="20230824 15:55:16.708"/>
</kw>
<status status="PASS" starttime="20230824 15:55:13.749" endtime="20230824 15:55:16.709"/>
</kw>
<doc>Testa a funcionalidade de login do site orangeHRM, ao
inserir usuáio e senha válidos, resultando em login bem sucedido.</doc>
<tag>Login</tag>
<status status="PASS" starttime="20230824 15:55:06.241" endtime="20230824 15:55:16.710"/>
</test>
<doc>Essa suite testa a página login do site opensource-demo.orangehrmlive.com</doc>
<status status="PASS" starttime="20230824 15:55:05.761" endtime="20230824 15:55:16.728"/>
</suite>
<status status="PASS" starttime="20230824 15:55:05.712" endtime="20230824 15:55:16.732"/>
</suite>
<statistics>
<total>
<stat pass="1" fail="0" skip="0">All Tests</stat>
</total>
<tag>
<stat pass="1" fail="0" skip="0">Login</stat>
</tag>
<suite>
<stat pass="1" fail="0" skip="0" id="s1" name="Cases">Cases</stat>
<stat pass="1" fail="0" skip="0" id="s1-s1" name="Login Orange Hrm">Cases.Login Orange Hrm</stat>
</suite>
</statistics>
<errors>
</errors>
</robot>
